2022-08-01T08:10:51+00:00 ERROR Error getting data feed
2022-08-01T08:10:51+00:00 ERROR _Error Object
(
    [errors] => Array
        (
            [http_request_failed] => Array
                (
                    [0] => cURL error 28: Resolving timed out after 5519 milliseconds
                )

        )

    [error_data] => Array
        (
        )

    [additional_data:protected] => Array
        (
        )

)

2022-08-01T08:10:54+00:00 ERROR Error getting data feed
2022-08-01T08:10:54+00:00 ERROR _Error Object
(
    [errors] => Array
        (
            [http_request_failed] => Array
                (
                    [0] => cURL error 6: Could not resolve host: woocommerce.com
                )

        )

    [error_data] => Array
        (
        )

    [additional_data:protected] => Array
        (
        )

)

