2022-08-23T03:25:13+00:00 ERROR Error getting data feed
2022-08-23T03:25:13+00:00 ERROR _Error Object
(
    [errors] => Array
        (
            [http_request_failed] => Array
                (
                    [0] => cURL error 28: Resolving timed out after 5522 milliseconds
                )

        )

    [error_data] => Array
        (
        )

    [additional_data:protected] => Array
        (
        )

)

2022-08-23T03:25:18+00:00 ERROR Error getting data feed
2022-08-23T03:25:18+00:00 ERROR _Error Object
(
    [errors] => Array
        (
            [http_request_failed] => Array
                (
                    [0] => cURL error 28: Resolving timed out after 5524 milliseconds
                )

        )

    [error_data] => Array
        (
        )

    [additional_data:protected] => Array
        (
        )

)

